<?xml version="1.0" encoding="UTF-8"?>
<!-- Generated by org.testng.reporters.JUnitXMLReporter -->
<testsuite ignored="0" hostname="NanduNikki" failures="0" tests="2" name="Test1" time="0.171" errors="0" timestamp="2024-03-20T14:07:45 IST">
  <testcase classname="selenium_Grid.BaseclassGrid" name="@BeforeClass classSetup" time="-1.710923865634E9">
    <failure type="org.testng.TestNGException" message="
Parameter &amp;apos;BROWSER&amp;apos; is required by BeforeClass on method classSetup but has not been marked @Optional or defined
in C:\Users\lenovo\eclipse-workspace\VtigerCRM\GridCrossBrowsing.xml">
      <![CDATA[org.testng.TestNGException: 
Parameter 'BROWSER' is required by BeforeClass on method classSetup but has not been marked @Optional or defined
in C:\Users\lenovo\eclipse-workspace\VtigerCRM\GridCrossBrowsing.xml
at java.base/java.util.ArrayList.forEach(ArrayList.java:1511)
at java.base/java.util.concurrent.FutureTask.run(FutureTask.java:264)
at java.base/java.util.concurrent.ThreadPoolExecutor.runWorker(ThreadPoolExecutor.java:1136)
at java.base/java.util.concurrent.ThreadPoolExecutor$Worker.run(ThreadPoolExecutor.java:635)
at java.base/java.lang.Thread.run(Thread.java:842)
... Removed 12 stack frames]]>
    </failure>
  </testcase> <!-- @BeforeClass classSetup -->
  <testcase classname="selenium_Grid.BaseclassGrid" name="@BeforeClass classSetup" time="-1.710923865633E9">
    <failure type="org.testng.TestNGException" message="
Parameter &amp;apos;BROWSER&amp;apos; is required by BeforeClass on method classSetup but has not been marked @Optional or defined
in C:\Users\lenovo\eclipse-workspace\VtigerCRM\GridCrossBrowsing.xml">
      <![CDATA[org.testng.TestNGException: 
Parameter 'BROWSER' is required by BeforeClass on method classSetup but has not been marked @Optional or defined
in C:\Users\lenovo\eclipse-workspace\VtigerCRM\GridCrossBrowsing.xml
at java.base/java.util.ArrayList.forEach(ArrayList.java:1511)
at java.base/java.util.concurrent.FutureTask.run(FutureTask.java:264)
at java.base/java.util.concurrent.ThreadPoolExecutor.runWorker(ThreadPoolExecutor.java:1136)
at java.base/java.util.concurrent.ThreadPoolExecutor$Worker.run(ThreadPoolExecutor.java:635)
at java.base/java.lang.Thread.run(Thread.java:842)
... Removed 12 stack frames]]>
    </failure>
  </testcase> <!-- @BeforeClass classSetup -->
  <testcase classname="selenium_Grid.BaseclassGrid" name="@AfterClass classteardown" time="0.0">
    <skipped/>
  </testcase> <!-- @AfterClass classteardown -->
  <testcase classname="selenium_Grid.BaseclassGrid" name="@AfterClass classteardown" time="0.0">
    <skipped/>
  </testcase> <!-- @AfterClass classteardown -->
  <testcase classname="selenium_Grid.BaseclassGrid" name="@BeforeClass classSetup" time="-1.710923865721E9">
    <failure type="org.testng.TestNGException" message="
Parameter &amp;apos;BROWSER&amp;apos; is required by BeforeClass on method classSetup but has not been marked @Optional or defined
in C:\Users\lenovo\eclipse-workspace\VtigerCRM\GridCrossBrowsing.xml">
      <![CDATA[org.testng.TestNGException: 
Parameter 'BROWSER' is required by BeforeClass on method classSetup but has not been marked @Optional or defined
in C:\Users\lenovo\eclipse-workspace\VtigerCRM\GridCrossBrowsing.xml
at java.base/java.util.ArrayList.forEach(ArrayList.java:1511)
at java.base/java.util.concurrent.FutureTask.run(FutureTask.java:264)
at java.base/java.util.concurrent.ThreadPoolExecutor.runWorker(ThreadPoolExecutor.java:1136)
at java.base/java.util.concurrent.ThreadPoolExecutor$Worker.run(ThreadPoolExecutor.java:635)
at java.base/java.lang.Thread.run(Thread.java:842)
... Removed 12 stack frames]]>
    </failure>
  </testcase> <!-- @BeforeClass classSetup -->
  <testcase classname="selenium_Grid.BaseclassGrid" name="@BeforeClass classSetup" time="-1.710923865717E9">
    <failure type="org.testng.TestNGException" message="
Parameter &amp;apos;BROWSER&amp;apos; is required by BeforeClass on method classSetup but has not been marked @Optional or defined
in C:\Users\lenovo\eclipse-workspace\VtigerCRM\GridCrossBrowsing.xml">
      <![CDATA[org.testng.TestNGException: 
Parameter 'BROWSER' is required by BeforeClass on method classSetup but has not been marked @Optional or defined
in C:\Users\lenovo\eclipse-workspace\VtigerCRM\GridCrossBrowsing.xml
at java.base/java.util.ArrayList.forEach(ArrayList.java:1511)
at java.base/java.util.concurrent.FutureTask.run(FutureTask.java:264)
at java.base/java.util.concurrent.ThreadPoolExecutor.runWorker(ThreadPoolExecutor.java:1136)
at java.base/java.util.concurrent.ThreadPoolExecutor$Worker.run(ThreadPoolExecutor.java:635)
at java.base/java.lang.Thread.run(Thread.java:842)
... Removed 12 stack frames]]>
    </failure>
  </testcase> <!-- @BeforeClass classSetup -->
  <testcase classname="selenium_Grid.BaseclassGrid" name="@AfterClass classteardown" time="0.0">
    <skipped/>
  </testcase> <!-- @AfterClass classteardown -->
  <testcase classname="selenium_Grid.BaseclassGrid" name="@AfterClass classteardown" time="0.0">
    <skipped/>
  </testcase> <!-- @AfterClass classteardown -->
  <testcase classname="selenium_Grid.SwiggyTest" name="swiggyTest" time="0.0">
    <skipped/>
  </testcase> <!-- swiggyTest -->
  <testcase classname="selenium_Grid.ZomatoTest" name="zomatoTest" time="0.003">
    <skipped/>
  </testcase> <!-- zomatoTest -->
</testsuite> <!-- Test1 -->
